<?xml version="1.0" encoding="UTF-8"?>
<testng-results ignored="0" total="2" passed="2" failed="0" skipped="0">
  <reporter-output>
  </reporter-output>
  <suite started-at="2024-01-22T18:35:19 IST" name="Suite" finished-at="2024-01-22T18:35:21 IST" duration-ms="2833">
    <groups>
    </groups>
    <test started-at="2024-01-22T18:35:19 IST" name="Test" finished-at="2024-01-22T18:35:21 IST" duration-ms="2833">
      <class name="testAndValidation.TestWithAnot">
        <test-method is-config="true" signature="openBrowser()[pri:0, instance:testAndValidation.TestWithAnot@3fed2870]" started-at="2024-01-22T18:35:19 IST" name="openBrowser" finished-at="2024-01-22T18:35:19 IST" duration-ms="920" status="PASS">
          <reporter-output>
          </reporter-output>
        </test-method> <!-- openBrowser -->
        <test-method is-config="true" signature="PomClass()[pri:0, instance:testAndValidation.TestWithAnot@3fed2870]" started-at="2024-01-22T18:35:19 IST" name="PomClass" finished-at="2024-01-22T18:35:19 IST" duration-ms="14" status="PASS">
          <reporter-output>
          </reporter-output>
        </test-method> <!-- PomClass -->
        <test-method is-config="true" signature="openApplication()[pri:0, instance:testAndValidation.TestWithAnot@3fed2870]" started-at="2024-01-22T18:35:19 IST" name="openApplication" finished-at="2024-01-22T18:35:21 IST" duration-ms="1243" status="PASS">
          <reporter-output>
          </reporter-output>
        </test-method> <!-- openApplication -->
        <test-method signature="checkLanguage()[pri:0, instance:testAndValidation.TestWithAnot@3fed2870]" started-at="2024-01-22T18:35:21 IST" name="checkLanguage" finished-at="2024-01-22T18:35:21 IST" duration-ms="79" status="PASS">
          <reporter-output>
          </reporter-output>
        </test-method> <!-- checkLanguage -->
        <test-method is-config="true" signature="afterMethod()[pri:0, instance:testAndValidation.TestWithAnot@3fed2870]" started-at="2024-01-22T18:35:21 IST" name="afterMethod" finished-at="2024-01-22T18:35:21 IST" duration-ms="0" status="PASS">
          <reporter-output>
          </reporter-output>
        </test-method> <!-- afterMethod -->
        <test-method is-config="true" signature="openApplication()[pri:0, instance:testAndValidation.TestWithAnot@3fed2870]" started-at="2024-01-22T18:35:21 IST" name="openApplication" finished-at="2024-01-22T18:35:21 IST" duration-ms="303" status="PASS">
          <reporter-output>
          </reporter-output>
        </test-method> <!-- openApplication -->
        <test-method signature="checkPersonName()[pri:0, instance:testAndValidation.TestWithAnot@3fed2870]" started-at="2024-01-22T18:35:21 IST" name="checkPersonName" finished-at="2024-01-22T18:35:21 IST" duration-ms="80" status="PASS">
          <reporter-output>
          </reporter-output>
        </test-method> <!-- checkPersonName -->
        <test-method is-config="true" signature="afterMethod()[pri:0, instance:testAndValidation.TestWithAnot@3fed2870]" started-at="2024-01-22T18:35:21 IST" name="afterMethod" finished-at="2024-01-22T18:35:21 IST" duration-ms="0" status="PASS">
          <reporter-output>
          </reporter-output>
        </test-method> <!-- afterMethod -->
        <test-method is-config="true" signature="afterClass()[pri:0, instance:testAndValidation.TestWithAnot@3fed2870]" started-at="2024-01-22T18:35:21 IST" name="afterClass" finished-at="2024-01-22T18:35:21 IST" duration-ms="1" status="PASS">
          <reporter-output>
          </reporter-output>
        </test-method> <!-- afterClass -->
        <test-method is-config="true" signature="afterTest()[pri:0, instance:testAndValidation.TestWithAnot@3fed2870]" started-at="2024-01-22T18:35:21 IST" name="afterTest" finished-at="2024-01-22T18:35:21 IST" duration-ms="168" status="PASS">
          <reporter-output>
          </reporter-output>
        </test-method> <!-- afterTest -->
      </class> <!-- testAndValidation.TestWithAnot -->
    </test> <!-- Test -->
  </suite> <!-- Suite -->
</testng-results>
